# JRE version: OpenJDK Runtime Environment (8.0_212-b04) (build 1.8.0_212-release-1586-b04)
# Java VM: OpenJDK 64-Bit Server VM (25.212-b04 mixed mode windows-amd64 compressed oops)
Heap:
 PSYoungGen      total 91136K, used 21578K [0x00000000e0000000, 0x00000000e6d80000, 0x0000000100000000)
  eden space 77824K, 16% used [0x00000000e0000000,0x00000000e0ce9228,0x00000000e4c00000)
  from space 13312K, 62% used [0x00000000e5880000,0x00000000e60a96a8,0x00000000e6580000)
  to   space 12800K, 0% used [0x00000000e4c00000,0x00000000e4c00000,0x00000000e5880000)
 ParOldGen       total 125440K, used 7699K [0x00000000a0000000, 0x00000000a7a80000, 0x00000000e0000000)
  object space 125440K, 6% used [0x00000000a0000000,0x00000000a0784cc0,0x00000000a7a80000)
 Metaspace       used 32544K, capacity 33184K, committed 33408K, reserved 1079296K
  class space    used 4455K, capacity 4655K, committed 4736K, reserved 1048576K
GC Heap History (10 events):
Event: 8.841 GC heap before
{Heap before GC invocations=3 (full 0):
 PSYoungGen      total 75776K, used 74858K [0x00000000e0000000, 0x00000000e5480000, 0x0000000100000000)
  eden space 65024K, 100% used [0x00000000e0000000,0x00000000e3f80000,0x00000000e3f80000)
  from space 10752K, 91% used [0x00000000e4a00000,0x00000000e539a8c8,0x00000000e5480000)
  to   space 10752K, 0% used [0x00000000e3f80000,0x00000000e3f80000,0x00000000e4a00000)
 ParOldGen       total 173568K, used 39K [0x00000000a0000000, 0x00000000aa980000, 0x00000000e0000000)
  object space 173568K, 0% used [0x00000000a0000000,0x00000000a0009c40,0x00000000aa980000)
 Metaspace       used 20295K, capacity 20894K, committed 21120K, reserved 1067008K
  class space    used 2921K, capacity 3101K, committed 3200K, reserved 1048576K
Event: 8.863 GC heap after
Heap after GC invocations=3 (full 0):
 PSYoungGen      total 75776K, used 10750K [0x00000000e0000000, 0x00000000e5480000, 0x0000000100000000)
  eden space 65024K, 0% used [0x00000000e0000000,0x00000000e0000000,0x00000000e3f80000)
  from space 10752K, 99% used [0x00000000e3f80000,0x00000000e49ffb18,0x00000000e4a00000)
  to   space 10752K, 0% used [0x00000000e4a00000,0x00000000e4a00000,0x00000000e5480000)
 ParOldGen       total 173568K, used 1638K [0x00000000a0000000, 0x00000000aa980000, 0x00000000e0000000)
  object space 173568K, 0% used [0x00000000a0000000,0x00000000a0199b20,0x00000000aa980000)
 Metaspace       used 20295K, capacity 20894K, committed 21120K, reserved 1067008K
  class space    used 2921K, capacity 3101K, committed 3200K, reserved 1048576K
}
Event: 9.490 GC heap before
{Heap before GC invocations=4 (full 0):
 PSYoungGen      total 75776K, used 13809K [0x00000000e0000000, 0x00000000e5480000, 0x0000000100000000)
  eden space 65024K, 4% used [0x00000000e0000000,0x00000000e02fcb68,0x00000000e3f80000)
  from space 10752K, 99% used [0x00000000e3f80000,0x00000000e49ffb18,0x00000000e4a00000)
  to   space 10752K, 0% used [0x00000000e4a00000,0x00000000e4a00000,0x00000000e5480000)
 ParOldGen       total 173568K, used 1638K [0x00000000a0000000, 0x00000000aa980000, 0x00000000e0000000)
  object space 173568K, 0% used [0x00000000a0000000,0x00000000a0199b20,0x00000000aa980000)
 Metaspace       used 20613K, capacity 21182K, committed 21296K, reserved 1067008K
  class space    used 2961K, capacity 3133K, committed 3200K, reserved 1048576K
Event: 9.497 GC heap after
Heap after GC invocations=4 (full 0):
 PSYoungGen      total 75776K, used 7875K [0x00000000e0000000, 0x00000000e5480000, 0x0000000100000000)
  eden space 65024K, 0% used [0x00000000e0000000,0x00000000e0000000,0x00000000e3f80000)
  from space 10752K, 73% used [0x00000000e4a00000,0x00000000e51b0e38,0x00000000e5480000)
  to   space 10752K, 0% used [0x00000000e3f80000,0x00000000e3f80000,0x00000000e4a00000)
 ParOldGen       total 173568K, used 1646K [0x00000000a0000000, 0x00000000aa980000, 0x00000000e0000000)
  object space 173568K, 0% used [0x00000000a0000000,0x00000000a019bb20,0x00000000aa980000)
 Metaspace       used 20613K, capacity 21182K, committed 21296K, reserved 1067008K
  class space    used 2961K, capacity 3133K, committed 3200K, reserved 1048576K
}
Event: 9.497 GC heap before
{Heap before GC invocations=5 (full 1):
 PSYoungGen      total 75776K, used 7875K [0x00000000e0000000, 0x00000000e5480000, 0x0000000100000000)
  eden space 65024K, 0% used [0x00000000e0000000,0x00000000e0000000,0x00000000e3f80000)
  from space 10752K, 73% used [0x00000000e4a00000,0x00000000e51b0e38,0x00000000e5480000)
  to   space 10752K, 0% used [0x00000000e3f80000,0x00000000e3f80000,0x00000000e4a00000)
 ParOldGen       total 173568K, used 1646K [0x00000000a0000000, 0x00000000aa980000, 0x00000000e0000000)
  object space 173568K, 0% used [0x00000000a0000000,0x00000000a019bb20,0x00000000aa980000)
 Metaspace       used 20613K, capacity 21182K, committed 21296K, reserved 1067008K
  class space    used 2961K, capacity 3133K, committed 3200K, reserved 1048576K
Event: 9.807 GC heap after
Heap after GC invocations=5 (full 1):
 PSYoungGen      total 75776K, used 0K [0x00000000e0000000, 0x00000000e5480000, 0x0000000100000000)
  eden space 65024K, 0% used [0x00000000e0000000,0x00000000e0000000,0x00000000e3f80000)
  from space 10752K, 0% used [0x00000000e4a00000,0x00000000e4a00000,0x00000000e5480000)
  to   space 10752K, 0% used [0x00000000e3f80000,0x00000000e3f80000,0x00000000e4a00000)
 ParOldGen       total 125440K, used 7683K [0x00000000a0000000, 0x00000000a7a80000, 0x00000000e0000000)
  object space 125440K, 6% used [0x00000000a0000000,0x00000000a0780cc0,0x00000000a7a80000)
 Metaspace       used 20613K, capacity 21182K, committed 21296K, reserved 1067008K
  class space    used 2961K, capacity 3133K, committed 3200K, reserved 1048576K
}
Event: 13.221 GC heap before
{Heap before GC invocations=6 (full 1):
 PSYoungGen      total 75776K, used 65024K [0x00000000e0000000, 0x00000000e5480000, 0x0000000100000000)
  eden space 65024K, 100% used [0x00000000e0000000,0x00000000e3f80000,0x00000000e3f80000)
  from space 10752K, 0% used [0x00000000e4a00000,0x00000000e4a00000,0x00000000e5480000)
  to   space 10752K, 0% used [0x00000000e3f80000,0x00000000e3f80000,0x00000000e4a00000)
 ParOldGen       total 125440K, used 7683K [0x00000000a0000000, 0x00000000a7a80000, 0x00000000e0000000)
  object space 125440K, 6% used [0x00000000a0000000,0x00000000a0780cc0,0x00000000a7a80000)
 Metaspace       used 29079K, capacity 29660K, committed 30080K, reserved 1075200K
  class space    used 3903K, capacity 4099K, committed 4224K, reserved 1048576K
Event: 13.227 GC heap after
Heap after GC invocations=6 (full 1):
 PSYoungGen      total 75776K, used 8089K [0x00000000e0000000, 0x00000000e6580000, 0x0000000100000000)
  eden space 65024K, 0% used [0x00000000e0000000,0x00000000e0000000,0x00000000e3f80000)
  from space 10752K, 75% used [0x00000000e3f80000,0x00000000e4766428,0x00000000e4a00000)
  to   space 13312K, 0% used [0x00000000e5880000,0x00000000e5880000,0x00000000e6580000)
 ParOldGen       total 125440K, used 7691K [0x00000000a0000000, 0x00000000a7a80000, 0x00000000e0000000)
  object space 125440K, 6% used [0x00000000a0000000,0x00000000a0782cc0,0x00000000a7a80000)
 Metaspace       used 29079K, capacity 29660K, committed 30080K, reserved 1075200K
  class space    used 3903K, capacity 4099K, committed 4224K, reserved 1048576K
}
Event: 14.085 GC heap before
{Heap before GC invocations=7 (full 1):
 PSYoungGen      total 75776K, used 73113K [0x00000000e0000000, 0x00000000e6580000, 0x0000000100000000)
  eden space 65024K, 100% used [0x00000000e0000000,0x00000000e3f80000,0x00000000e3f80000)
  from space 10752K, 75% used [0x00000000e3f80000,0x00000000e4766428,0x00000000e4a00000)
  to   space 13312K, 0% used [0x00000000e5880000,0x00000000e5880000,0x00000000e6580000)
 ParOldGen       total 125440K, used 7691K [0x00000000a0000000, 0x00000000a7a80000, 0x00000000e0000000)
  object space 125440K, 6% used [0x00000000a0000000,0x00000000a0782cc0,0x00000000a7a80000)
 Metaspace       used 32029K, capacity 32672K, committed 32768K, reserved 1077248K
  class space    used 4378K, capacity 4591K, committed 4608K, reserved 1048576K
Event: 14.122 GC heap after
Heap after GC invocations=7 (full 1):
 PSYoungGen      total 91136K, used 8357K [0x00000000e0000000, 0x00000000e6d80000, 0x0000000100000000)
  eden space 77824K, 0% used [0x00000000e0000000,0x00000000e0000000,0x00000000e4c00000)
  from space 13312K, 62% used [0x00000000e5880000,0x00000000e60a96a8,0x00000000e6580000)
  to   space 12800K, 0% used [0x00000000e4c00000,0x00000000e4c00000,0x00000000e5880000)
 ParOldGen       total 125440K, used 7699K [0x00000000a0000000, 0x00000000a7a80000, 0x00000000e0000000)
  object space 125440K, 6% used [0x00000000a0000000,0x00000000a0784cc0,0x00000000a7a80000)
 Metaspace       used 32029K, capacity 32672K, committed 32768K, reserved 1077248K
  class space    used 4378K, capacity 4591K, committed 4608K, reserved 1048576K
}

